Arguments: 
  C:\Program Files\nodejs\node.exe C:\Users\dario\AppData\Roaming\npm\node_modules\yarn\bin\yarn.js update

PATH: 
  C:\cmder\bin;C:\cmder\vendor\conemu-maximus5\ConEmu\Scripts;C:\cmder\vendor\conemu-maximus5;C:\cmder\vendor\conemu-maximus5\ConEmu;C:\Windows\system32;C:\Windows;C:\Windows\System32\Wbem;C:\Windows\System32\WindowsPowerShell\v1.0\;C:\Program Files (x86)\NVIDIA Corporation\PhysX\Common;C:\WINDOWS\system32;C:\WINDOWS;C:\WINDOWS\System32\Wbem;C:\WINDOWS\System32\WindowsPowerShell\v1.0\;C:\Program Files\nodejs\;C:\Program Files (x86)\Windows Kits\8.1\Windows Performance Toolkit\;C:\Program Files\Git\cmd;C:\Users\dario\AppData\Local\Toggler\toggler;;C:\WINDOWS\System32\OpenSSH\;C:\HashiCorp\Vagrant\bin;C:\Program Files\Microsoft VS Code\bin;C:\Users\dario\AppData\Local\Programs\Python\Python36-32\Scripts\;C:\Users\dario\AppData\Local\Programs\Python\Python36-32\;C:\Users\dario\AppData\Local\Microsoft\WindowsApps;C:\Users\dario\AppData\Roaming\npm;C:\Program Files\Microsoft VS Code\bin;C:\Users\dario\AppData\Local\Toggler;C:\Users\dario\AppData\Local\Toggler\bin;C:\Program Files\PostgreSQL\10\bin;;C:\Program Files\Git\usr\bin;C:\Program Files\Git\usr\share\vim\vim74;C:\cmder\

Yarn version: 
  1.5.1

Node version: 
  8.9.4

Platform: 
  win32 x64

npm manifest: 
  {
    "name": "nuxt-cookie-control",
    "version": "1.1.11",
    "description": "Nuxt Cookies Control Module",
    "license": "MIT",
    "author": "Dario Ferderber <dario.ferderber@broj42.com>",
    "contributors": [
      "Davor Teskera",
      "Mario Jankovic <hi@mariojankovic.com>"
    ],
    "keywords": [
      "nuxt cookie control",
      "nuxt gdpr",
      "nuxt cookie consent"
    ],
    "main": "lib/module.js",
    "repository": "https://gitlab.com/broj42/nuxt-cookie-control",
    "publishConfig": {
      "access": "public"
    },
    "eslintIgnore": [
      "*"
    ],
    "files": [
      "lib",
      "components",
      "locale"
    ]
  }

yarn manifest: 
  No manifest

Lockfile: 
  No lockfile

Trace: 
  Error: Command "update" not found.
      at new MessageError (C:\Users\dario\AppData\Roaming\npm\node_modules\yarn\lib\cli.js:186:110)
      at C:\Users\dario\AppData\Roaming\npm\node_modules\yarn\lib\cli.js:87307:17
      at Generator.next (<anonymous>)
      at step (C:\Users\dario\AppData\Roaming\npm\node_modules\yarn\lib\cli.js:98:30)
      at C:\Users\dario\AppData\Roaming\npm\node_modules\yarn\lib\cli.js:116:14
      at new Promise (<anonymous>)
      at new F (C:\Users\dario\AppData\Roaming\npm\node_modules\yarn\lib\cli.js:23451:28)
      at C:\Users\dario\AppData\Roaming\npm\node_modules\yarn\lib\cli.js:95:12
      at runCommand (C:\Users\dario\AppData\Roaming\npm\node_modules\yarn\lib\cli.js:87312:22)
      at Object.<anonymous> (C:\Users\dario\AppData\Roaming\npm\node_modules\yarn\lib\cli.js:87412:14)
